<-= 1 =->
city = Tokyo
city = Duluth
<-= 2 =->
pid = p07
pid = p06
pid = p05
pid = p04
pid = p03
<-= 3 =->
name = Weyland-Yutani
<-= 4 =->
name = Weyland-Yutani
<-= 5 =->
name = Tiptop
city = Duluth
name = Smith
city = New York
name = Tiptop
city = Duluth
name = Smith
city = Dallas
name = Tiptop
city = Duluth
name = Brown
city = Tokyo
name = Tiptop
city = Duluth
name = Jones
city = Newark
name = Tiptop
city = Duluth
name = Otasi
city = Duluth
name = Tiptop
city = Duluth
name = Gray
city = New York
name = Tiptop
city = Duluth
name = Otasi
city = Duluth
<-= 6 =->
name = ACME
name = Otasi
city = Duluth
name = Tiptop
name = Otasi
city = Duluth
name = Allied
name = Smith
city = Dallas
name = Basics
name = Smith
city = Dallas
<-= 7 =->
name = Tiptop
city = Duluth
name = ACME
city = Duluth
<-= end =->
